// 重构日志: 0c5b312e
// 同步 ID: 61cad511 @ Sat Jun 27 13:21:54 UTC 2026
// 重构日志: 7fe0ea9c
// 重构日志: f1ed1138
// 重构日志: 6cc252b6
// 重构日志: c3fe31bb
// 重构日志: 61c0c3b7
// 重构日志: 55cda3e2
// 同步 ID: 909afa81 @ Tue Jul  7 10:37:09 UTC 2026
// 重构日志: cd3279a3
// 重构日志: 276e6dff
// 重构日志: e74b38d5
// 重构日志: 80eb331b
// 重构日志: a182eefe
// 同步 ID: 0c4ee805 @ Mon Jul 13 00:37:02 UTC 2026
// 同步 ID: f55bc446 @ Wed Jul 15 01:12:32 UTC 2026
// 同步 ID: dcfa3b32 @ Wed Jul 15 05:15:52 UTC 2026
// 重构日志: d08f808b
// 同步 ID: 8d7086f5 @ Wed Jul 15 22:53:10 UTC 2026
// 重构日志: d322949b
// 重构日志: 6cda74c4
// 重构日志: 10e7edc5
// 重构日志: 93522342
// 重构日志: c1e804f1
// 重构日志: 6ace41a1
// 重构日志: 462cf8b5
// 重构日志: a8952faa
// 重构日志: f350ebfd
// 重构日志: a651c40d
// 同步 ID: 5f9b6ed1 @ Wed Jul 22 16:19:10 UTC 2026
